{"/Users/jyliu/mycode/FE-Monitor/src/ajax.js": {"path":"/Users/jyliu/mycode/FE-Monitor/src/ajax.js","statementMap":{"0":{"start":{"line":7,"column":14},"end":{"line":40,"column":4}},"1":{"start":{"line":8,"column":2},"end":{"line":39,"column":3}},"2":{"start":{"line":10,"column":6},"end":{"line":10,"column":52}},"3":{"start":{"line":13,"column":16},"end":{"line":13,"column":36}},"4":{"start":{"line":14,"column":6},"end":{"line":14,"column":39}},"5":{"start":{"line":15,"column":6},"end":{"line":15,"column":77}},"6":{"start":{"line":16,"column":6},"end":{"line":16,"column":57}},"7":{"start":{"line":17,"column":6},"end":{"line":17,"column":33}},"8":{"start":{"line":18,"column":6},"end":{"line":18,"column":37}},"9":{"start":{"line":19,"column":6},"end":{"line":24,"column":8}},"10":{"start":{"line":20,"column":21},"end":{"line":20,"column":56}},"11":{"start":{"line":21,"column":8},"end":{"line":23,"column":9}},"12":{"start":{"line":22,"column":10},"end":{"line":22,"column":24}},"13":{"start":{"line":25,"column":6},"end":{"line":36,"column":8}},"14":{"start":{"line":26,"column":8},"end":{"line":35,"column":9}},"15":{"start":{"line":27,"column":10},"end":{"line":34,"column":11}},"16":{"start":{"line":28,"column":25},"end":{"line":28,"column":60}},"17":{"start":{"line":29,"column":12},"end":{"line":31,"column":13}},"18":{"start":{"line":30,"column":14},"end":{"line":30,"column":28}},"19":{"start":{"line":33,"column":12},"end":{"line":33,"column":45}},"20":{"start":{"line":37,"column":6},"end":{"line":37,"column":44}},"21":{"start":{"line":42,"column":0},"end":{"line":44,"column":1}}},"fnMap":{"0":{"name":"(anonymous_0)","decl":{"start":{"line":7,"column":15},"end":{"line":7,"column":16}},"loc":{"start":{"line":7,"column":26},"end":{"line":40,"column":1}},"line":7},"1":{"name":"(anonymous_1)","decl":{"start":{"line":9,"column":13},"end":{"line":9,"column":14}},"loc":{"start":{"line":9,"column":24},"end":{"line":11,"column":5}},"line":9},"2":{"name":"(anonymous_2)","decl":{"start":{"line":12,"column":10},"end":{"line":12,"column":11}},"loc":{"start":{"line":12,"column":47},"end":{"line":38,"column":5}},"line":12},"3":{"name":"(anonymous_3)","decl":{"start":{"line":19,"column":19},"end":{"line":19,"column":20}},"loc":{"start":{"line":19,"column":31},"end":{"line":24,"column":7}},"line":19},"4":{"name":"(anonymous_4)","decl":{"start":{"line":25,"column":31},"end":{"line":25,"column":32}},"loc":{"start":{"line":25,"column":43},"end":{"line":36,"column":7}},"line":25}},"branchMap":{"0":{"loc":{"start":{"line":10,"column":14},"end":{"line":10,"column":50}},"type":"binary-expr","locations":[{"start":{"line":10,"column":14},"end":{"line":10,"column":35}},{"start":{"line":10,"column":39},"end":{"line":10,"column":50}}],"line":10},"1":{"loc":{"start":{"line":18,"column":20},"end":{"line":18,"column":36}},"type":"binary-expr","locations":[{"start":{"line":18,"column":20},"end":{"line":18,"column":27}},{"start":{"line":18,"column":31},"end":{"line":18,"column":36}}],"line":18},"2":{"loc":{"start":{"line":21,"column":8},"end":{"line":23,"column":9}},"type":"if","locations":[{"start":{"line":21,"column":8},"end":{"line":23,"column":9}},{"start":{"line":21,"column":8},"end":{"line":23,"column":9}}],"line":21},"3":{"loc":{"start":{"line":26,"column":8},"end":{"line":35,"column":9}},"type":"if","locations":[{"start":{"line":26,"column":8},"end":{"line":35,"column":9}},{"start":{"line":26,"column":8},"end":{"line":35,"column":9}}],"line":26},"4":{"loc":{"start":{"line":27,"column":10},"end":{"line":34,"column":11}},"type":"if","locations":[{"start":{"line":27,"column":10},"end":{"line":34,"column":11}},{"start":{"line":27,"column":10},"end":{"line":34,"column":11}}],"line":27},"5":{"loc":{"start":{"line":29,"column":12},"end":{"line":31,"column":13}},"type":"if","locations":[{"start":{"line":29,"column":12},"end":{"line":31,"column":13}},{"start":{"line":29,"column":12},"end":{"line":31,"column":13}}],"line":29}},"s":{"0":0,"1":0,"2":0,"3":0,"4":0,"5":0,"6":0,"7":0,"8":0,"9":0,"10":0,"11":0,"12":0,"13":0,"14":0,"15":0,"16":0,"17":0,"18":0,"19":0,"20":0,"21":0},"f":{"0":0,"1":0,"2":0,"3":0,"4":0},"b":{"0":[0,0],"1":[0,0],"2":[0,0],"3":[0,0],"4":[0,0],"5":[0,0]},"hash":"1a6186719c9fc9ac01a33da497b96c1bc56d332f"}
,"/Users/jyliu/mycode/FE-Monitor/src/config.js": {"path":"/Users/jyliu/mycode/FE-Monitor/src/config.js","statementMap":{},"fnMap":{},"branchMap":{},"s":{},"f":{},"b":{},"hash":"9fcc96191d01f9557bcdb5ddbcbd18d4c936afdc"}
,"/Users/jyliu/mycode/FE-Monitor/src/error.js": {"path":"/Users/jyliu/mycode/FE-Monitor/src/error.js","statementMap":{},"fnMap":{},"branchMap":{},"s":{},"f":{},"b":{},"hash":"2e3a440bcc5d0cb761cfa5d9d80946e6b3929b42"}
,"/Users/jyliu/mycode/FE-Monitor/src/index.js": {"path":"/Users/jyliu/mycode/FE-Monitor/src/index.js","statementMap":{"0":{"start":{"line":11,"column":2},"end":{"line":11,"column":20}},"1":{"start":{"line":14,"column":0},"end":{"line":14,"column":29}}},"fnMap":{"0":{"name":"initMonitor","decl":{"start":{"line":9,"column":9},"end":{"line":9,"column":20}},"loc":{"start":{"line":9,"column":29},"end":{"line":12,"column":1}},"line":9}},"branchMap":{},"s":{"0":1,"1":1},"f":{"0":1},"b":{},"_coverageSchema":"43e27e138ebf9cfc5966b082cf9a028302ed4184","hash":"46d89441394e99283b7e1e0892ec4a583589c9ad"}
}
