TN:
SF:/Users/jyliu/mycode/FE-Monitor/src/ajax.js
FN:7,(anonymous_0)
FN:9,(anonymous_1)
FN:12,(anonymous_2)
FN:19,(anonymous_3)
FN:25,(anonymous_4)
FNF:5
FNH:0
FNDA:0,(anonymous_0)
FNDA:0,(anonymous_1)
FNDA:0,(anonymous_2)
FNDA:0,(anonymous_3)
FNDA:0,(anonymous_4)
DA:7,0
DA:8,0
DA:10,0
DA:13,0
DA:14,0
DA:15,0
DA:16,0
DA:17,0
DA:18,0
DA:19,0
DA:20,0
DA:21,0
DA:22,0
DA:25,0
DA:26,0
DA:27,0
DA:28,0
DA:29,0
DA:30,0
DA:33,0
DA:37,0
DA:42,0
LF:22
LH:0
BRDA:10,0,0,0
BRDA:10,0,1,0
BRDA:18,1,0,0
BRDA:18,1,1,0
BRDA:21,2,0,0
BRDA:21,2,1,0
BRDA:26,3,0,0
BRDA:26,3,1,0
BRDA:27,4,0,0
BRDA:27,4,1,0
BRDA:29,5,0,0
BRDA:29,5,1,0
BRF:12
BRH:0
end_of_record
TN:
SF:/Users/jyliu/mycode/FE-Monitor/src/config.js
FN:7,Config
FNF:1
FNH:0
FNDA:0,Config
LF:0
LH:0
BRF:0
BRH:0
end_of_record
TN:
SF:/Users/jyliu/mycode/FE-Monitor/src/error.js
FNF:0
FNH:0
LF:0
LH:0
BRF:0
BRH:0
end_of_record
TN:
SF:/Users/jyliu/mycode/FE-Monitor/src/index.js
FN:9,initMonitor
FNF:1
FNH:1
FNDA:1,initMonitor
DA:10,1
DA:11,1
DA:14,1
DA:16,1
LF:4
LH:4
BRF:0
BRH:0
end_of_record
TN:
SF:/Users/jyliu/mycode/FE-Monitor/src/stateChange.js
FNF:0
FNH:0
LF:0
LH:0
BRF:0
BRH:0
end_of_record
